Using pre-set license
Built from '2020.3/staging' branch; Version is '2020.3.32f1 (12f8b0834f07) revision 1243312'; Using compiler version '192528614'; Build Type 'Release'
OS: 'Windows 10  (10.0.19044) 64bit Core' Language: 'en' Physical Memory: 16284 MB
BatchMode: 1, IsHumanControllingUs: 0, StartBugReporterOnCrash: 0, Is64bit: 1, IsPro: 0

COMMAND LINE ARGUMENTS:
C:\Program Files\Unity\Hub\Editor\2020.3.32f1\Editor\Unity.exe
-adb2
-batchMode
-noUpm
-name
AssetImportWorker0
-projectPath
C:/Users/himay/Documents/GitHub/FlouresiteV2/FlouresiteV2
-logFile
Logs/AssetImportWorker0.log
-srvPort
65017
Successfully changed project path to: C:/Users/himay/Documents/GitHub/FlouresiteV2/FlouresiteV2
C:/Users/himay/Documents/GitHub/FlouresiteV2/FlouresiteV2
Using Asset Import Pipeline V2.
Refreshing native plugins compatible for Editor in 33.17 ms, found 2 plugins.
Preloading 0 native plugins for Editor in 0.00 ms.
Initialize engine version: 2020.3.32f1 (12f8b0834f07)
[Subsystems] Discovering subsystems at path C:/Program Files/Unity/Hub/Editor/2020.3.32f1/Editor/Data/Resources/UnitySubsystems
[Subsystems] Discovering subsystems at path C:/Users/himay/Documents/GitHub/FlouresiteV2/FlouresiteV2/Assets
GfxDevice: creating device client; threaded=0
Direct3D:
    Version:  Direct3D 11.0 [level 11.0]
    Renderer: NVIDIA GeForce GTX 750 Ti (ID=0x1380)
    Vendor:   
    VRAM:     2007 MB
    Driver:   27.21.14.5671
Initialize mono
Mono path[0] = 'C:/Program Files/Unity/Hub/Editor/2020.3.32f1/Editor/Data/Managed'
Mono path[1] = 'C:/Program Files/Unity/Hub/Editor/2020.3.32f1/Editor/Data/MonoBleedingEdge/lib/mono/unityjit'
Mono config path = 'C:/Program Files/Unity/Hub/Editor/2020.3.32f1/Editor/Data/MonoBleedingEdge/etc'
Using monoOptions --debugger-agent=transport=dt_socket,embedding=1,server=y,suspend=n,address=127.0.0.1:56816
Begin MonoManager ReloadAssembly
Registering precompiled unity dll's ...
Register platform support module: C:/Program Files/Unity/Hub/Editor/2020.3.32f1/Editor/Data/PlaybackEngines/WindowsStandaloneSupport/UnityEditor.WindowsStandalone.Extensions.dll
Registered in 0.002473 seconds.
Native extension for WindowsStandalone target not found
Refreshing native plugins compatible for Editor in 29.97 ms, found 2 plugins.
Preloading 0 native plugins for Editor in 0.00 ms.
Mono: successfully reloaded assembly
- Completed reload, in  0.684 seconds
Domain Reload Profiling:
	ReloadAssembly (684ms)
		BeginReloadAssembly (73ms)
			ExecutionOrderSort (0ms)
			DisableScriptedObjects (0ms)
			BackupInstance (0ms)
			ReleaseScriptingObjects (0ms)
			CreateAndSetChildDomain (1ms)
		EndReloadAssembly (530ms)
			LoadAssemblies (71ms)
			RebuildTransferFunctionScriptingTraits (0ms)
			SetupTypeCache (174ms)
			ReleaseScriptCaches (0ms)
			RebuildScriptCaches (38ms)
			SetupLoadedEditorAssemblies (190ms)
				LogAssemblyErrors (0ms)
				InitializePlatformSupportModulesInManaged (5ms)
				SetLoadedEditorAssemblies (0ms)
				RefreshPlugins (30ms)
				BeforeProcessingInitializeOnLoad (34ms)
				ProcessInitializeOnLoadAttributes (91ms)
				ProcessInitializeOnLoadMethodAttributes (30ms)
				AfterProcessingInitializeOnLoad (0ms)
				EditorAssembliesLoaded (0ms)
			ExecutionOrderSort2 (0ms)
			AwakeInstancesAfterBackupRestoration (0ms)
Platform modules already initialized, skipping
Registering precompiled user dll's ...
Registered in 0.003555 seconds.
Begin MonoManager ReloadAssembly
Native extension for WindowsStandalone target not found
Refreshing native plugins compatible for Editor in 0.33 ms, found 2 plugins.
Preloading 0 native plugins for Editor in 0.00 ms.
Mono: successfully reloaded assembly
- Completed reload, in  1.262 seconds
Domain Reload Profiling:
	ReloadAssembly (1263ms)
		BeginReloadAssembly (195ms)
			ExecutionOrderSort (0ms)
			DisableScriptedObjects (6ms)
			BackupInstance (0ms)
			ReleaseScriptingObjects (0ms)
			CreateAndSetChildDomain (30ms)
		EndReloadAssembly (999ms)
			LoadAssemblies (121ms)
			RebuildTransferFunctionScriptingTraits (0ms)
			SetupTypeCache (329ms)
			ReleaseScriptCaches (1ms)
			RebuildScriptCaches (59ms)
			SetupLoadedEditorAssemblies (379ms)
				LogAssemblyErrors (0ms)
				InitializePlatformSupportModulesInManaged (5ms)
				SetLoadedEditorAssemblies (1ms)
				RefreshPlugins (0ms)
				BeforeProcessingInitializeOnLoad (117ms)
				ProcessInitializeOnLoadAttributes (237ms)
				ProcessInitializeOnLoadMethodAttributes (10ms)
				AfterProcessingInitializeOnLoad (8ms)
				EditorAssembliesLoaded (0ms)
			ExecutionOrderSort2 (0ms)
			AwakeInstancesAfterBackupRestoration (7ms)
Platform modules already initialized, skipping
========================================================================
Worker process is ready to serve import requests
Launched and connected shader compiler UnityShaderCompiler.exe after 0.13 seconds
Refreshing native plugins compatible for Editor in 0.66 ms, found 2 plugins.
Preloading 0 native plugins for Editor in 0.00 ms.
Unloading 1506 Unused Serialized files (Serialized files now loaded: 0)
System memory in use before: 68.5 MB.
System memory in use after: 68.6 MB.

Unloading 16 unused Assets to reduce memory usage. Loaded Objects now: 1942.
Total: 3.131500 ms (FindLiveObjects: 0.132300 ms CreateObjectMapping: 0.068300 ms MarkObjects: 2.861700 ms  DeleteObjects: 0.068300 ms)

AssetImportParameters requested are different than current active one (requested -> active):
  custom:framework-win-MediaFoundation: 216162199b28c13a410421893ffa2e32 -> 
  custom:video-decoder-ogg-theora: a1e56fd34408186e4bbccfd4996cb3dc -> 
  custom:container-muxer-webm: aa71ff27fc2769a1b78a27578f13a17b -> 
  custom:container-demuxer-webm: 4f35f7cbe854078d1ac9338744f61a02 -> 
  custom:container-demuxer-ogg: 62fdf1f143b41e24485cea50d1cbac27 -> 
  custom:video-encoder-webm-vp8: eb34c28f22e8b96e1ab97ce403110664 -> 
  custom:video-decoder-webm-vp8: 9c59270c3fd7afecdb556c50c9e8de78 -> 
  custom:audio-decoder-ogg-vorbis: bf7c407c2cedff20999df2af8eb42d56 -> 
  custom:audio-encoder-webm-vorbis: bf7c407c2cedff20999df2af8eb42d56 -> 
========================================================================
Received Import Request.
  path: Assets
  artifactKey: Guid(00000000000000001000000000000000) Importer(815301076,1909f56bfc062723c751e8b465ee728b)
Start importing Assets using Guid(00000000000000001000000000000000) Importer(815301076,1909f56bfc062723c751e8b465ee728b)  -> (artifact id: '42d402b061de3733987d63b9cc3b64de') in 0.016150 seconds 
========================================================================
Received Import Request.
  Time since last request: 6.417712 seconds.
  path: Assets/Scripts
  artifactKey: Guid(b68ec03a4481947418c9d8424f2e045c) Importer(815301076,1909f56bfc062723c751e8b465ee728b)
Start importing Assets/Scripts using Guid(b68ec03a4481947418c9d8424f2e045c) Importer(815301076,1909f56bfc062723c751e8b465ee728b)  -> (artifact id: '67c684bb0c88d40f10f420ea5718fd41') in 0.009591 seconds 
========================================================================
Received Import Request.
  Time since last request: 36.506280 seconds.
  path: Assets/Audio
  artifactKey: Guid(f9bc8b9ff6cb8c34691ecf796ce3676b) Importer(815301076,1909f56bfc062723c751e8b465ee728b)
Start importing Assets/Audio using Guid(f9bc8b9ff6cb8c34691ecf796ce3676b) Importer(815301076,1909f56bfc062723c751e8b465ee728b)  -> (artifact id: '51eeaeeac5e5965ac4634b6e3ff7be5c') in 0.013441 seconds 
========================================================================
Received Import Request.
  Time since last request: 18.938240 seconds.
  path: Assets/Fonts
  artifactKey: Guid(9558548e00976874d9ae0cef9b03dce7) Importer(815301076,1909f56bfc062723c751e8b465ee728b)
Start importing Assets/Fonts using Guid(9558548e00976874d9ae0cef9b03dce7) Importer(815301076,1909f56bfc062723c751e8b465ee728b)  -> (artifact id: '3544726b5d64b4bbe70cb3e51b5b3edf') in 0.014190 seconds 
========================================================================
Received Import Request.
  Time since last request: 8.926663 seconds.
  path: Assets/Fonts/Models
  artifactKey: Guid(f84a9ea5a30935b4a86f6ab35d4b8ee5) Importer(815301076,1909f56bfc062723c751e8b465ee728b)
Start importing Assets/Fonts/Models using Guid(f84a9ea5a30935b4a86f6ab35d4b8ee5) Importer(815301076,1909f56bfc062723c751e8b465ee728b)  -> (artifact id: '0c966b9afdf5337ee88cb0a867c92c81') in 0.013826 seconds 
========================================================================
Received Import Request.
  Time since last request: 5.309357 seconds.
  path: Assets/Scenes
  artifactKey: Guid(60cfdde7ceff0174a9b6a9545d01f081) Importer(815301076,1909f56bfc062723c751e8b465ee728b)
Start importing Assets/Scenes using Guid(60cfdde7ceff0174a9b6a9545d01f081) Importer(815301076,1909f56bfc062723c751e8b465ee728b)  -> (artifact id: 'e387ef5e634406bac994168ecfd3cc25') in 0.005925 seconds 
========================================================================
Received Import Request.
  Time since last request: 5.838392 seconds.
  path: Assets/Models
  artifactKey: Guid(1373afca7605da94d8858f853ef9ca0e) Importer(815301076,1909f56bfc062723c751e8b465ee728b)
Start importing Assets/Models using Guid(1373afca7605da94d8858f853ef9ca0e) Importer(815301076,1909f56bfc062723c751e8b465ee728b)  -> (artifact id: '7f8fa73331c7604b10483acccf08cbb6') in 0.005482 seconds 
========================================================================
Received Import Request.
  Time since last request: 4.988884 seconds.
  path: Assets/Prefabs
  artifactKey: Guid(1df5a01fa3e84814ba2f3924ff3f09c9) Importer(815301076,1909f56bfc062723c751e8b465ee728b)
Start importing Assets/Prefabs using Guid(1df5a01fa3e84814ba2f3924ff3f09c9) Importer(815301076,1909f56bfc062723c751e8b465ee728b)  -> (artifact id: '3dcc262bd33e804bc1688e22f6faad7d') in 0.008053 seconds 
========================================================================
Received Import Request.
  Time since last request: 24.686257 seconds.
  path: Assets/Weapons
  artifactKey: Guid(0d94ba9c055bdce42a52f791fba53010) Importer(815301076,1909f56bfc062723c751e8b465ee728b)
Start importing Assets/Weapons using Guid(0d94ba9c055bdce42a52f791fba53010) Importer(815301076,1909f56bfc062723c751e8b465ee728b)  -> (artifact id: 'c6a07c6d1badd832efe475eb4e210977') in 0.010160 seconds 
========================================================================
Received Import Request.
  Time since last request: 7.442647 seconds.
  path: Assets/Weapons/UI
  artifactKey: Guid(237862fea4ea6f340a22d94b2f7511ff) Importer(815301076,1909f56bfc062723c751e8b465ee728b)
Start importing Assets/Weapons/UI using Guid(237862fea4ea6f340a22d94b2f7511ff) Importer(815301076,1909f56bfc062723c751e8b465ee728b)  -> (artifact id: 'c433402fc4ea122fb3a1135f68fbcbd9') in 0.012091 seconds 
========================================================================
Received Prepare
Registering precompiled user dll's ...
Registered in 0.003382 seconds.
Begin MonoManager ReloadAssembly
Native extension for WindowsStandalone target not found
Refreshing native plugins compatible for Editor in 0.45 ms, found 2 plugins.
Preloading 0 native plugins for Editor in 0.00 ms.
Mono: successfully reloaded assembly
- Completed reload, in  1.142 seconds
Domain Reload Profiling:
	ReloadAssembly (1143ms)
		BeginReloadAssembly (126ms)
			ExecutionOrderSort (0ms)
			DisableScriptedObjects (5ms)
			BackupInstance (0ms)
			ReleaseScriptingObjects (0ms)
			CreateAndSetChildDomain (34ms)
		EndReloadAssembly (941ms)
			LoadAssemblies (103ms)
			RebuildTransferFunctionScriptingTraits (0ms)
			SetupTypeCache (330ms)
			ReleaseScriptCaches (1ms)
			RebuildScriptCaches (62ms)
			SetupLoadedEditorAssemblies (334ms)
				LogAssemblyErrors (0ms)
				InitializePlatformSupportModulesInManaged (7ms)
				SetLoadedEditorAssemblies (1ms)
				RefreshPlugins (1ms)
				BeforeProcessingInitializeOnLoad (91ms)
				ProcessInitializeOnLoadAttributes (215ms)
				ProcessInitializeOnLoadMethodAttributes (10ms)
				AfterProcessingInitializeOnLoad (8ms)
				EditorAssembliesLoaded (0ms)
			ExecutionOrderSort2 (0ms)
			AwakeInstancesAfterBackupRestoration (7ms)
Platform modules already initialized, skipping
Refreshing native plugins compatible for Editor in 0.33 ms, found 2 plugins.
Preloading 0 native plugins for Editor in 0.00 ms.
Unloading 1503 Unused Serialized files (Serialized files now loaded: 0)
System memory in use before: 68.4 MB.
System memory in use after: 68.5 MB.

Unloading 11 unused Assets to reduce memory usage. Loaded Objects now: 1948.
Total: 6.447000 ms (FindLiveObjects: 0.289200 ms CreateObjectMapping: 0.166100 ms MarkObjects: 5.951200 ms  DeleteObjects: 0.038200 ms)

AssetImportParameters requested are different than current active one (requested -> active):
  custom:framework-win-MediaFoundation: 216162199b28c13a410421893ffa2e32 -> 
  custom:video-decoder-ogg-theora: a1e56fd34408186e4bbccfd4996cb3dc -> 
  custom:container-muxer-webm: aa71ff27fc2769a1b78a27578f13a17b -> 
  custom:container-demuxer-webm: 4f35f7cbe854078d1ac9338744f61a02 -> 
  custom:container-demuxer-ogg: 62fdf1f143b41e24485cea50d1cbac27 -> 
  custom:video-encoder-webm-vp8: eb34c28f22e8b96e1ab97ce403110664 -> 
  custom:video-decoder-webm-vp8: 9c59270c3fd7afecdb556c50c9e8de78 -> 
  custom:audio-decoder-ogg-vorbis: bf7c407c2cedff20999df2af8eb42d56 -> 
  custom:audio-encoder-webm-vorbis: bf7c407c2cedff20999df2af8eb42d56 -> 
========================================================================
Received Import Request.
  Time since last request: 90.043163 seconds.
  path: Assets/Scripts/ShootingAi.cs
  artifactKey: Guid(0da6f72819b70f54ebf26ed38753cd31) Importer(815301076,1909f56bfc062723c751e8b465ee728b)
Start importing Assets/Scripts/ShootingAi.cs using Guid(0da6f72819b70f54ebf26ed38753cd31) Importer(815301076,1909f56bfc062723c751e8b465ee728b)  -> (artifact id: 'f64a3c5a29c619ec5ad1deaa3acf55f1') in 0.042570 seconds 
AssetImportWorkerClient::OnTransportError - code=2 error=End of file
